<?xml version="1.0" encoding="UTF-8"?>
<testng-results ignored="0" total="2" passed="2" failed="0" skipped="0">
  <reporter-output>
  </reporter-output>
  <suite started-at="2020-10-06T11:52:19 EDT" name="AssignmentNG" finished-at="2020-10-06T11:52:29 EDT" duration-ms="9916">
    <groups>
    </groups>
    <test started-at="2020-10-06T11:52:19 EDT" name="Test" finished-at="2020-10-06T11:52:29 EDT" duration-ms="9916">
      <class name="demo.fillFB">
        <test-method signature="myFunc()[pri:0, instance:demo.fillFB@7c417213]" started-at="2020-10-06T11:52:19 EDT" name="myFunc" finished-at="2020-10-06T11:52:29 EDT" duration-ms="9752" status="PASS">
          <reporter-output>
          </reporter-output>
        </test-method> <!-- myFunc -->
      </class> <!-- demo.fillFB -->
      <class name="demo.fillOracle">
        <test-method signature="myFunc()[pri:0, instance:demo.fillOracle@15761df8]" started-at="2020-10-06T11:52:19 EDT" name="myFunc" finished-at="2020-10-06T11:52:29 EDT" duration-ms="9889" status="PASS">
          <reporter-output>
          </reporter-output>
        </test-method> <!-- myFunc -->
      </class> <!-- demo.fillOracle -->
    </test> <!-- Test -->
  </suite> <!-- AssignmentNG -->
</testng-results>
